<?xml version="1.0" encoding="UTF-8"?>
<testsuite name="weathernews.AppTest" time="0" tests="1" errors="0" skipped="0" failures="0">
  <properties>
    <property name="java.runtime.name" value="Java(TM) SE Runtime Environment"/>
    <property name="sun.boot.library.path" value="C:\pleiades\java\8\jre\bin"/>
    <property name="java.vm.version" value="25.74-b02"/>
    <property name="java.vm.vendor" value="Oracle Corporation"/>
    <property name="maven.multiModuleProjectDirectory" value="C:/repository/WeatherNews"/>
    <property name="java.vendor.url" value="http://java.oracle.com/"/>
    <property name="path.separator" value=";"/>
    <property name="guice.disable.misplaced.annotation.check" value="true"/>
    <property name="java.vm.name" value="Java HotSpot(TM) Client VM"/>
    <property name="file.encoding.pkg" value="sun.io"/>
    <property name="user.script" value=""/>
    <property name="user.country" value="JP"/>
    <property name="sun.java.launcher" value="SUN_STANDARD"/>
    <property name="sun.os.patch.level" value="Service Pack 1"/>
    <property name="java.vm.specification.name" value="Java Virtual Machine Specification"/>
    <property name="user.dir" value="C:\repository\WeatherNews"/>
    <property name="java.runtime.version" value="1.8.0_74-b02"/>
    <property name="java.awt.graphicsenv" value="sun.awt.Win32GraphicsEnvironment"/>
    <property name="java.endorsed.dirs" value="C:\pleiades\java\8\jre\lib\endorsed"/>
    <property name="os.arch" value="x86"/>
    <property name="java.io.tmpdir" value="C:\Users\YASUHI~1.MAT\AppData\Local\Temp\"/>
    <property name="line.separator" value="&#10;"/>
    <property name="java.vm.specification.vendor" value="Oracle Corporation"/>
    <property name="user.variant" value=""/>
    <property name="os.name" value="Windows 7"/>
    <property name="classworlds.conf" value="C:/apache-maven-3.5.2/bin/m2.conf"/>
    <property name="sun.jnu.encoding" value="MS932"/>
    <property name="java.library.path" value="C:\pleiades\java\8\bin;C:\Windows\Sun\Java\bin;C:\Windows\system32;C:\Windows;C:\Users\yasuhiro.matsumoto\bin;C:\Program Files\Git\mingw32\bin;C:\Program Files\Git\usr\local\bin;C:\Program Files\Git\usr\bin;C:\Program Files\Git\usr\bin;C:\Program Files\Git\mingw32\bin;C:\Program Files\Git\usr\bin;C:\Users\yasuhiro.matsumoto\bin;C:\app\yasuhiro.matsumoto\product\11.2.0\client_1\bin;C:\pleiades\java\8\bin;C:\Program Files\Intel\iCLS Client;C:\Windows\system32;C:\Windows;C:\Windows\System32\Wbem;C:\Windows\System32\WindowsPowerShell\v1.0;C:\Program Files\Intel\Intel(R) Management Engine Components\DAL;C:\Program Files\Intel\Intel(R) Management Engine Components\IPT;C:\Program Files\Common Files\Lenovo;C:\Program Files\Microsoft SQL Server\120\Tools\Binn;C:\Leap Motion\LeapSDK\lib\x86;C:\Cinder-master\lib\msw\x86;C:\Program Files\Git\cmd;C:\apache-maven-3.5.2\bin;C:\xampp\php;C:\composer;C:\Program Files\PostgreSQL\9.6\bin;C:\Program Files\nodejs;C:\Users\yasuhiro.matsumoto\AppData\Local\Programs\Python\Python36-32\Scripts;C:\Users\yasuhiro.matsumoto\AppData\Local\Programs\Python\Python36-32;C:\Program Files\Microsoft VS Code\bin;C:\Users\yasuhiro.matsumoto\AppData\Roaming\Composer\vendor\bin;C:\Users\yasuhiro.matsumoto\AppData\Roaming\npm;C:\Program Files\Git\usr\bin\vendor_perl;C:\Program Files\Git\usr\bin\core_perl;."/>
    <property name="jansi.passthrough" value="true"/>
    <property name="maven.conf" value="C:/apache-maven-3.5.2/conf"/>
    <property name="java.specification.name" value="Java Platform API Specification"/>
    <property name="java.class.version" value="52.0"/>
    <property name="sun.management.compiler" value="HotSpot Client Compiler"/>
    <property name="os.version" value="6.1"/>
    <property name="library.jansi.path" value="C:/apache-maven-3.5.2/lib/jansi-native"/>
    <property name="user.home" value="C:\Users\yasuhiro.matsumoto"/>
    <property name="user.timezone" value="Asia/Tokyo"/>
    <property name="java.awt.printerjob" value="sun.awt.windows.WPrinterJob"/>
    <property name="java.specification.version" value="1.8"/>
    <property name="file.encoding" value="MS932"/>
    <property name="user.name" value="yasuhiro.matsumoto"/>
    <property name="java.class.path" value="C:/apache-maven-3.5.2/boot/plexus-classworlds-2.5.2.jar"/>
    <property name="java.vm.specification.version" value="1.8"/>
    <property name="sun.arch.data.model" value="32"/>
    <property name="java.home" value="C:\pleiades\java\8\jre"/>
    <property name="sun.java.command" value="org.codehaus.plexus.classworlds.launcher.Launcher package"/>
    <property name="java.specification.vendor" value="Oracle Corporation"/>
    <property name="user.language" value="ja"/>
    <property name="awt.toolkit" value="sun.awt.windows.WToolkit"/>
    <property name="java.vm.info" value="mixed mode"/>
    <property name="java.version" value="1.8.0_74"/>
    <property name="java.ext.dirs" value="C:\pleiades\java\8\jre\lib\ext;C:\Windows\Sun\Java\lib\ext"/>
    <property name="sun.boot.class.path" value="C:\pleiades\java\8\jre\lib\resources.jar;C:\pleiades\java\8\jre\lib\rt.jar;C:\pleiades\java\8\jre\lib\sunrsasign.jar;C:\pleiades\java\8\jre\lib\jsse.jar;C:\pleiades\java\8\jre\lib\jce.jar;C:\pleiades\java\8\jre\lib\charsets.jar;C:\pleiades\java\8\jre\lib\jfr.jar;C:\pleiades\java\8\jre\classes"/>
    <property name="java.vendor" value="Oracle Corporation"/>
    <property name="maven.home" value="C:\apache-maven-3.5.2"/>
    <property name="file.separator" value="\"/>
    <property name="java.vendor.url.bug" value="http://bugreport.sun.com/bugreport/"/>
    <property name="sun.cpu.endian" value="little"/>
    <property name="sun.io.unicode.encoding" value="UnicodeLittle"/>
    <property name="sun.desktop" value="windows"/>
    <property name="sun.cpu.isalist" value="pentium_pro+mmx pentium_pro pentium+mmx pentium i486 i386 i86"/>
  </properties>
  <testcase name="testApp" classname="weathernews.AppTest" time="0"/>
</testsuite>